<?xml version="1.0" encoding="UTF-8"?>
<!-- Generated by org.testng.reporters.JUnitReportReporter -->
<testsuite hostname="DESKTOP-LB2G77M" failures="0" tests="8" name="gov.app.test.mAadharTestClass" time="57.674" errors="0" timestamp="2023-08-04T01:14:39 IST" skipped="0">
  <testcase classname="gov.app.test.mAadharTestClass" name="HomePageTest" time="2.292">
    <system-out>
      <![CDATA[Page load time: 721 milliseconds
Reached Home page ]]>
    </system-out>
  </testcase> <!-- HomePageTest -->
  <testcase classname="gov.app.test.mAadharTestClass" name="UserRegsitrationTestInvalid" time="8.401">
    <system-out>
      <![CDATA[Reached Registration Page
Using Existing email/mobile...
Citizen not Registered
Reached Home..]]>
    </system-out>
  </testcase> <!-- UserRegsitrationTestInvalid -->
  <testcase classname="gov.app.test.mAadharTestClass" name="UserRegsitrationTestValid" time="7.817">
    <system-out>
      <![CDATA[Reached Registration Page
Citizen Successfully Registered
Reached Home..]]>
    </system-out>
  </testcase> <!-- UserRegsitrationTestValid -->
  <testcase classname="gov.app.test.mAadharTestClass" name="AdminRegsitrationTestValid" time="7.574">
    <system-out>
      <![CDATA[Reached Registration Page
Admin Successfully Registered
Reached Home..]]>
    </system-out>
  </testcase> <!-- AdminRegsitrationTestValid -->
  <testcase classname="gov.app.test.mAadharTestClass" name="AdminLoginTest" time="11.403">
    <system-out>
      <![CDATA[Reached Login Page
Logged in successfully!
Approving Citizen for Aadhar... Generating Aadhar Number
Rejecting Citizen for Aadhar...
Marking Dead Citizen
Logging out]]>
    </system-out>
  </testcase> <!-- AdminLoginTest -->
  <testcase classname="gov.app.test.mAadharTestClass" name="CitizenLoginTest1" time="6.753">
    <system-out>
      <![CDATA[Reached Login Page
Logged in successfully!
Viewing Status
Logging out]]>
    </system-out>
  </testcase> <!-- CitizenLoginTest1 -->
  <testcase classname="gov.app.test.mAadharTestClass" name="CitizenLoginTest2" time="6.627">
    <system-out>
      <![CDATA[Reached Login Page
Logged in successfully!
Viewing Status
Logging out]]>
    </system-out>
  </testcase> <!-- CitizenLoginTest2 -->
  <testcase classname="gov.app.test.mAadharTestClass" name="CitizenLoginTest3" time="6.807">
    <system-out>
      <![CDATA[Reached Login Page
Logged in successfully!
Viewing Status
Logging out]]>
    </system-out>
  </testcase> <!-- CitizenLoginTest3 -->
  <system-out>
    <![CDATA[Page load time: 721 milliseconds
Reached Home page 
Reached Registration Page
Using Existing email/mobile...
Citizen not Registered
Reached Home..
Reached Registration Page
Citizen Successfully Registered
Reached Home..
Reached Registration Page
Admin Successfully Registered
Reached Home..
Reached Login Page
Logged in successfully!
Approving Citizen for Aadhar... Generating Aadhar Number
Rejecting Citizen for Aadhar...
Marking Dead Citizen
Logging out
Reached Login Page
Logged in successfully!
Viewing Status
Logging out
Reached Login Page
Logged in successfully!
Viewing Status
Logging out
Reached Login Page
Logged in successfully!
Viewing Status
Logging out]]>
  </system-out>
</testsuite> <!-- gov.app.test.mAadharTestClass -->
